<?xml version="1.0" encoding="UTF-8" ?>
<testsuite tests="1" failures="0" name="com.mycompany.bankingtest.depositTransactionTest" time="0.151" errors="0" skipped="0">
  <properties>
    <property name="java.runtime.name" value="Java(TM) SE Runtime Environment"/>
    <property name="java.vm.version" value="19.0.2+7-44"/>
    <property name="sun.boot.library.path" value="E:\Downloads\Java\jdk 19.0.2\bin"/>
    <property name="maven.multiModuleProjectDirectory" value="E:\Users\Dell\IdeaProjects\BankingTest\BankingTest"/>
    <property name="java.vm.vendor" value="Oracle Corporation"/>
    <property name="java.vendor.url" value="https://java.oracle.com/"/>
    <property name="guice.disable.misplaced.annotation.check" value="true"/>
    <property name="path.separator" value=";"/>
    <property name="java.vm.name" value="Java HotSpot(TM) 64-Bit Server VM"/>
    <property name="sun.os.patch.level" value=""/>
    <property name="user.script" value=""/>
    <property name="user.country" value="US"/>
    <property name="sun.java.launcher" value="SUN_STANDARD"/>
    <property name="test" value="com.mycompany.bankingtest.depositTransactionTest"/>
    <property name="java.vm.specification.name" value="Java Virtual Machine Specification"/>
    <property name="user.dir" value="E:\Users\Dell\IdeaProjects\BankingTest\BankingTest"/>
    <property name="java.vm.compressedOopsMode" value="32-bit"/>
    <property name="java.runtime.version" value="19.0.2+7-44"/>
    <property name="os.arch" value="amd64"/>
    <property name="java.io.tmpdir" value="C:\Users\dell\AppData\Local\Temp\"/>
    <property name="line.separator" value="
"/>
    <property name="java.vm.specification.vendor" value="Oracle Corporation"/>
    <property name="user.variant" value=""/>
    <property name="stderr.encoding" value="Cp1252"/>
    <property name="os.name" value="Windows 10"/>
    <property name="maven.ext.class.path" value="E:\Downloads\Netbeans\NetBeans-15\netbeans\java\maven-nblib\netbeans-eventspy.jar"/>
    <property name="classworlds.conf" value="E:\Downloads\Netbeans\NetBeans-15\netbeans\java\maven\bin\m2.conf"/>
    <property name="sun.jnu.encoding" value="Cp1252"/>
    <property name="stdout.encoding" value="Cp1252"/>
    <property name="java.library.path" value="E:\Downloads\Java\jdk 19.0.2\bin;C:\Windows\Sun\Java\bin;C:\Windows\system32;C:\Windows;E:\Downloads\ANACONDA3\Python\Scripts\;E:\Downloads\ANACONDA3\Python\;C:\Program Files (x86)\Microsoft SDKs\Azure\CLI2\wbin;E:\Downloads\VMware\bin\;C:\Program Files\Common Files\Oracle\Java\javapath;C:\Windows\system32;C:\Windows;C:\Windows\System32\Wbem;C:\Windows\System32\WindowsPowerShell\v1.0\;C:\Windows\System32\OpenSSH\;E:\Downloads\Java\jdk 19.0.2\bin;E:\Downloads\MAVEN\apache-maven-3.9.0\bin;E:\Downloads\Graphviz\bin\dot.exe;E:\Downloads\AZURE\terraform.exe;E:\Downloads\Node.js\;C:\Users\dell\AppData\Local\Microsoft\WindowsApps;E:\Downloads\IntelliJ\IntelliJ IDEA Community Edition 2022.3.2\bin;;E:\Downloads\MAVEN\apache-maven-3.9.0\bin;E:\Downloads\Microsoft VS Code\bin;E:\Program Files (x86)\Compilers\mysys64\mingw64\bin;E:\Downloads\ANACONDA3\Library\bin;E:\Downloads\Graphviz\bin;C:\Users\dell\AppData\Roaming\npm;."/>
    <property name="maven.conf" value="E:\Downloads\Netbeans\NetBeans-15\netbeans\java\maven/conf"/>
    <property name="jdk.debug" value="release"/>
    <property name="java.class.version" value="63.0"/>
    <property name="java.specification.name" value="Java Platform API Specification"/>
    <property name="sun.management.compiler" value="HotSpot 64-Bit Tiered Compilers"/>
    <property name="os.version" value="10.0"/>
    <property name="library.jansi.path" value="E:\Downloads\Netbeans\NetBeans-15\netbeans\java\maven\lib\jansi-native"/>
    <property name="user.home" value="C:\Users\dell"/>
    <property name="user.timezone" value="Africa/Cairo"/>
    <property name="file.encoding" value="UTF-8"/>
    <property name="java.specification.version" value="19"/>
    <property name="user.name" value="dell"/>
    <property name="java.class.path" value="E:\Downloads\Netbeans\NetBeans-15\netbeans\java\maven\boot\plexus-classworlds-2.6.0.jar"/>
    <property name="java.vm.specification.version" value="19"/>
    <property name="sun.arch.data.model" value="64"/>
    <property name="sun.java.command" value="org.codehaus.plexus.classworlds.launcher.Launcher -Dtest=com.mycompany.bankingtest.depositTransactionTest -Dmaven.ext.class.path=E:\Downloads\Netbeans\NetBeans-15\netbeans\java\maven-nblib\netbeans-eventspy.jar surefire:test"/>
    <property name="java.home" value="E:\Downloads\Java\jdk 19.0.2"/>
    <property name="user.language" value="en"/>
    <property name="java.specification.vendor" value="Oracle Corporation"/>
    <property name="java.vm.info" value="mixed mode, sharing"/>
    <property name="java.version" value="19.0.2"/>
    <property name="native.encoding" value="Cp1252"/>
    <property name="java.vendor" value="Oracle Corporation"/>
    <property name="maven.home" value="E:\Downloads\Netbeans\NetBeans-15\netbeans\java\maven"/>
    <property name="file.separator" value="\"/>
    <property name="java.version.date" value="2023-01-17"/>
    <property name="java.vendor.url.bug" value="https://bugreport.java.com/bugreport/"/>
    <property name="sun.io.unicode.encoding" value="UnicodeLittle"/>
    <property name="sun.cpu.endian" value="little"/>
    <property name="sun.cpu.isalist" value="amd64"/>
  </properties>
  <testcase classname="com.mycompany.bankingtest.depositTransactionTest" name="TestDeposit" time="0.151"/>
</testsuite>